======================================================================
ERROR: test_run_with_no_issues_handles_gracefully (test_issueProgression_analysis.TestIssueProgressionAnalysis.test_run_with_no_issues_handles_gracefully)
Previously, run() crashed with KeyError('created_date') when there were no issues.
----------------------------------------------------------------------
Traceback (most recent call last):
  File "/usr/local/lib/python3.12/site-packages/pandas/core/indexes/base.py", line 3812, in get_loc
    return self._engine.get_loc(casted_key)
           ^^^^^^^^^^^^^^^^^^^^^^^^^^^^^^^^
  File "pandas/_libs/index.pyx", line 167, in pandas._libs.index.IndexEngine.get_loc
  File "pandas/_libs/index.pyx", line 196, in pandas._libs.index.IndexEngine.get_loc
  File "pandas/_libs/hashtable_class_helper.pxi", line 7088, in pandas._libs.hashtable.PyObjectHashTable.get_item
  File "pandas/_libs/hashtable_class_helper.pxi", line 7096, in pandas._libs.hashtable.PyObjectHashTable.get_item
KeyError: 'created_date'

The above exception was the direct cause of the following exception:

Traceback (most recent call last):
  File "/usr/local/Cellar/python@3.12/3.12.12/Frameworks/Python.framework/Versions/3.12/lib/python3.12/unittest/mock.py", line 1396, in patched
    return func(*newargs, **newkeywargs)
           ^^^^^^^^^^^^^^^^^^^^^^^^^^^^^
  File "/Users/namtruong/Documents/UMD Software Engineering Graduate Program/ENPM611/workspace/project-application-template-group1-kaar/test_issueProgression_analysis.py", line 97, in test_run_with_no_issues_handles_gracefully
    analysis.run()
  File "/Users/namtruong/Documents/UMD Software Engineering Graduate Program/ENPM611/workspace/project-application-template-group1-kaar/issueProgression_analysis.py", line 28, in run
    df["created_date"] = pd.to_datetime(df["created_date"], errors="coerce")
                                        ~~^^^^^^^^^^^^^^^^
  File "/usr/local/lib/python3.12/site-packages/pandas/core/frame.py", line 4113, in __getitem__
    indexer = self.columns.get_loc(key)
              ^^^^^^^^^^^^^^^^^^^^^^^^^
  File "/usr/local/lib/python3.12/site-packages/pandas/core/indexes/base.py", line 3819, in get_loc
    raise KeyError(key) from err
KeyError: 'created_date'

----------------------------------------------------------------------
Ran 9 tests in 10.786s

FAILED (errors=1)